This is pdfTeX, Version 3.14159265-2.6-1.40.20 (TeX Live 2019/W32TeX) (preloaded format=pdflatex 2020.3.23)  20 SEP 2020 03:04
entering extended mode
 restricted \write18 enabled.
 %&-line parsing enabled.
**Econo2_P1.tex
(./Econo2_P1.tex
LaTeX2e <2020-02-02> patch level 5
L3 programming layer <2020-02-25>
(c:/texlive/2019/texmf-dist/tex/latex/base/article.cls
Document Class: article 2019/12/20 v1.4l Standard LaTeX document class
(c:/texlive/2019/texmf-dist/tex/latex/base/size10.clo
File: size10.clo 2019/12/20 v1.4l Standard LaTeX file (size option)
)
\c@part=\count167
\c@section=\count168
\c@subsection=\count169
\c@subsubsection=\count170
\c@paragraph=\count171
\c@subparagraph=\count172
\c@figure=\count173
\c@table=\count174
\abovecaptionskip=\skip47
\belowcaptionskip=\skip48
\bibindent=\dimen134
)
(c:/texlive/2019/texmf-dist/tex/latex/lm/lmodern.sty
Package: lmodern 2009/10/30 v1.6 Latin Modern Fonts
LaTeX Font Info:    Overwriting symbol font `operators' in version `normal'
(Font)                  OT1/cmr/m/n --> OT1/lmr/m/n on input line 22.
LaTeX Font Info:    Overwriting symbol font `letters' in version `normal'
(Font)                  OML/cmm/m/it --> OML/lmm/m/it on input line 23.
LaTeX Font Info:    Overwriting symbol font `symbols' in version `normal'
(Font)                  OMS/cmsy/m/n --> OMS/lmsy/m/n on input line 24.
LaTeX Font Info:    Overwriting symbol font `largesymbols' in version `normal'
(Font)                  OMX/cmex/m/n --> OMX/lmex/m/n on input line 25.
LaTeX Font Info:    Overwriting symbol font `operators' in version `bold'
(Font)                  OT1/cmr/bx/n --> OT1/lmr/bx/n on input line 26.
LaTeX Font Info:    Overwriting symbol font `letters' in version `bold'
(Font)                  OML/cmm/b/it --> OML/lmm/b/it on input line 27.
LaTeX Font Info:    Overwriting symbol font `symbols' in version `bold'
(Font)                  OMS/cmsy/b/n --> OMS/lmsy/b/n on input line 28.
LaTeX Font Info:    Overwriting symbol font `largesymbols' in version `bold'
(Font)                  OMX/cmex/m/n --> OMX/lmex/m/n on input line 29.
LaTeX Font Info:    Overwriting math alphabet `\mathbf' in version `normal'
(Font)                  OT1/cmr/bx/n --> OT1/lmr/bx/n on input line 31.
LaTeX Font Info:    Overwriting math alphabet `\mathsf' in version `normal'
(Font)                  OT1/cmss/m/n --> OT1/lmss/m/n on input line 32.
LaTeX Font Info:    Overwriting math alphabet `\mathit' in version `normal'
(Font)                  OT1/cmr/m/it --> OT1/lmr/m/it on input line 33.
LaTeX Font Info:    Overwriting math alphabet `\mathtt' in version `normal'
(Font)                  OT1/cmtt/m/n --> OT1/lmtt/m/n on input line 34.
LaTeX Font Info:    Overwriting math alphabet `\mathbf' in version `bold'
(Font)                  OT1/cmr/bx/n --> OT1/lmr/bx/n on input line 35.
LaTeX Font Info:    Overwriting math alphabet `\mathsf' in version `bold'
(Font)                  OT1/cmss/bx/n --> OT1/lmss/bx/n on input line 36.
LaTeX Font Info:    Overwriting math alphabet `\mathit' in version `bold'
(Font)                  OT1/cmr/bx/it --> OT1/lmr/bx/it on input line 37.
LaTeX Font Info:    Overwriting math alphabet `\mathtt' in version `bold'
(Font)                  OT1/cmtt/m/n --> OT1/lmtt/m/n on input line 38.
)
(c:/texlive/2019/texmf-dist/tex/latex/amsfonts/amssymb.sty
Package: amssymb 2013/01/14 v3.01 AMS font symbols

(c:/texlive/2019/texmf-dist/tex/latex/amsfonts/amsfonts.sty
Package: amsfonts 2013/01/14 v3.01 Basic AMSFonts support
\@emptytoks=\toks15
\symAMSa=\mathgroup4
\symAMSb=\mathgroup5
LaTeX Font Info:    Redeclaring math symbol \hbar on input line 98.
LaTeX Font Info:    Overwriting math alphabet `\mathfrak' in version `bold'
(Font)                  U/euf/m/n --> U/euf/b/n on input line 106.
))
(c:/texlive/2019/texmf-dist/tex/latex/amsmath/amsmath.sty
Package: amsmath 2020/01/20 v2.17e AMS math features
\@mathmargin=\skip49

For additional information on amsmath, use the `?' option.
(c:/texlive/2019/texmf-dist/tex/latex/amsmath/amstext.sty
Package: amstext 2000/06/29 v2.01 AMS text

(c:/texlive/2019/texmf-dist/tex/latex/amsmath/amsgen.sty
File: amsgen.sty 1999/11/30 v2.0 generic functions
\@emptytoks=\toks16
\ex@=\dimen135
))
(c:/texlive/2019/texmf-dist/tex/latex/amsmath/amsbsy.sty
Package: amsbsy 1999/11/29 v1.2d Bold Symbols
\pmbraise@=\dimen136
)
(c:/texlive/2019/texmf-dist/tex/latex/amsmath/amsopn.sty
Package: amsopn 2016/03/08 v2.02 operator names
)
\inf@bad=\count175
LaTeX Info: Redefining \frac on input line 227.
\uproot@=\count176
\leftroot@=\count177
LaTeX Info: Redefining \overline on input line 389.
\classnum@=\count178
\DOTSCASE@=\count179
LaTeX Info: Redefining \ldots on input line 486.
LaTeX Info: Redefining \dots on input line 489.
LaTeX Info: Redefining \cdots on input line 610.
\Mathstrutbox@=\box45
\strutbox@=\box46
\big@size=\dimen137
LaTeX Font Info:    Redeclaring font encoding OML on input line 733.
LaTeX Font Info:    Redeclaring font encoding OMS on input line 734.
\macc@depth=\count180
\c@MaxMatrixCols=\count181
\dotsspace@=\muskip16
\c@parentequation=\count182
\dspbrk@lvl=\count183
\tag@help=\toks17
\row@=\count184
\column@=\count185
\maxfields@=\count186
\andhelp@=\toks18
\eqnshift@=\dimen138
\alignsep@=\dimen139
\tagshift@=\dimen140
\tagwidth@=\dimen141
\totwidth@=\dimen142
\lineht@=\dimen143
\@envbody=\toks19
\multlinegap=\skip50
\multlinetaggap=\skip51
\mathdisplay@stack=\toks20
LaTeX Info: Redefining \[ on input line 2859.
LaTeX Info: Redefining \] on input line 2860.
)
(c:/texlive/2019/texmf-dist/tex/generic/iftex/ifxetex.sty
Package: ifxetex 2019/10/25 v0.7 ifxetex legacy package. Use iftex instead.

(c:/texlive/2019/texmf-dist/tex/generic/iftex/iftex.sty
Package: iftex 2019/11/07 v1.0c TeX engine tests
))
(c:/texlive/2019/texmf-dist/tex/generic/iftex/ifluatex.sty
Package: ifluatex 2019/10/25 v1.5 ifluatex legacy package. Use iftex instead.
)
(c:/texlive/2019/texmf-dist/tex/latex/base/fontenc.sty
Package: fontenc 2020/02/11 v2.0o Standard LaTeX package
LaTeX Font Info:    Trying to load font information for T1+lmr on input line 11
2.

(c:/texlive/2019/texmf-dist/tex/latex/lm/t1lmr.fd
File: t1lmr.fd 2009/10/30 v1.6 Font defs for Latin Modern
))
(c:/texlive/2019/texmf-dist/tex/latex/base/inputenc.sty
Package: inputenc 2018/08/11 v1.3c Input encoding file
\inpenc@prehook=\toks21
\inpenc@posthook=\toks22
)
(c:/texlive/2019/texmf-dist/tex/latex/base/textcomp.sty
Package: textcomp 2020/02/02 v2.0n Standard LaTeX package
)
(c:/texlive/2019/texmf-dist/tex/latex/upquote/upquote.sty
Package: upquote 2012/04/19 v1.3 upright-quote and grave-accent glyphs in verba
tim
)
(c:/texlive/2019/texmf-dist/tex/latex/microtype/microtype.sty
Package: microtype 2019/11/18 v2.7d Micro-typographical refinements (RS)

(c:/texlive/2019/texmf-dist/tex/latex/graphics/keyval.sty
Package: keyval 2014/10/28 v1.15 key=value parser (DPC)
\KV@toks@=\toks23
)
\MT@toks=\toks24
\MT@count=\count187
LaTeX Info: Redefining \textls on input line 790.
\MT@outer@kern=\dimen144
LaTeX Info: Redefining \textmicrotypecontext on input line 1354.
\MT@listname@count=\count188

(c:/texlive/2019/texmf-dist/tex/latex/microtype/microtype-pdftex.def
File: microtype-pdftex.def 2019/11/18 v2.7d Definitions specific to pdftex (RS)

LaTeX Info: Redefining \lsstyle on input line 914.
LaTeX Info: Redefining \lslig on input line 914.
\MT@outer@space=\skip52
)
Package microtype Info: Loading configuration file microtype.cfg.

(c:/texlive/2019/texmf-dist/tex/latex/microtype/microtype.cfg
File: microtype.cfg 2019/11/18 v2.7d microtype main configuration file (RS)
))
(c:/texlive/2019/texmf-dist/tex/latex/parskip/parskip.sty
Package: parskip 2020-01-22 v2.0d non-zero parskip adjustments

(c:/texlive/2019/texmf-dist/tex/latex/kvoptions/kvoptions.sty
Package: kvoptions 2019/11/29 v3.13 Key value format for package options (HO)

(c:/texlive/2019/texmf-dist/tex/generic/ltxcmds/ltxcmds.sty
Package: ltxcmds 2019/12/15 v1.24 LaTeX kernel commands for general use (HO)
)
(c:/texlive/2019/texmf-dist/tex/generic/kvsetkeys/kvsetkeys.sty
Package: kvsetkeys 2019/12/15 v1.18 Key value parser (HO)
))
(c:/texlive/2019/texmf-dist/tex/latex/etoolbox/etoolbox.sty
Package: etoolbox 2019/09/21 v2.5h e-TeX tools for LaTeX (JAW)
\etb@tempcnta=\count189
))
(c:/texlive/2019/texmf-dist/tex/latex/xcolor/xcolor.sty
Package: xcolor 2016/05/11 v2.12 LaTeX color extensions (UK)

(c:/texlive/2019/texmf-dist/tex/latex/graphics-cfg/color.cfg
File: color.cfg 2016/01/02 v1.6 sample color configuration
)
Package xcolor Info: Driver file: pdftex.def on input line 225.

(c:/texlive/2019/texmf-dist/tex/latex/graphics-def/pdftex.def
File: pdftex.def 2018/01/08 v1.0l Graphics/color driver for pdftex
)
Package xcolor Info: Model `cmy' substituted by `cmy0' on input line 1348.
Package xcolor Info: Model `hsb' substituted by `rgb' on input line 1352.
Package xcolor Info: Model `RGB' extended on input line 1364.
Package xcolor Info: Model `HTML' substituted by `rgb' on input line 1366.
Package xcolor Info: Model `Hsb' substituted by `hsb' on input line 1367.
Package xcolor Info: Model `tHsb' substituted by `hsb' on input line 1368.
Package xcolor Info: Model `HSB' substituted by `hsb' on input line 1369.
Package xcolor Info: Model `Gray' substituted by `gray' on input line 1370.
Package xcolor Info: Model `wave' substituted by `hsb' on input line 1371.
)
(c:/texlive/2019/texmf-dist/tex/latex/xurl/xurl.sty
Package: xurl 2020/01/24 v 0.09 modify URL breaks

(c:/texlive/2019/texmf-dist/tex/latex/url/url.sty
\Urlmuskip=\muskip17
Package: url 2013/09/16  ver 3.4  Verb mode for urls, etc.
))
(c:/texlive/2019/texmf-dist/tex/latex/bookmark/bookmark.sty
Package: bookmark 2019/12/03 v1.28 PDF bookmarks (HO)

(c:/texlive/2019/texmf-dist/tex/latex/hyperref/hyperref.sty
Package: hyperref 2020/01/14 v7.00d Hypertext links for LaTeX

(c:/texlive/2019/texmf-dist/tex/latex/pdftexcmds/pdftexcmds.sty
Package: pdftexcmds 2019/11/24 v0.31 Utility functions of pdfTeX for LuaTeX (HO
)

(c:/texlive/2019/texmf-dist/tex/generic/infwarerr/infwarerr.sty
Package: infwarerr 2019/12/03 v1.5 Providing info/warning/error messages (HO)
)
Package pdftexcmds Info: \pdf@primitive is available.
Package pdftexcmds Info: \pdf@ifprimitive is available.
Package pdftexcmds Info: \pdfdraftmode found.
)
(c:/texlive/2019/texmf-dist/tex/generic/kvdefinekeys/kvdefinekeys.sty
Package: kvdefinekeys 2019-12-19 v1.6 Define keys (HO)
)
(c:/texlive/2019/texmf-dist/tex/generic/pdfescape/pdfescape.sty
Package: pdfescape 2019/12/09 v1.15 Implements pdfTeX's escape features (HO)
)
(c:/texlive/2019/texmf-dist/tex/latex/hycolor/hycolor.sty
Package: hycolor 2020-01-27 v1.10 Color options for hyperref/bookmark (HO)
)
(c:/texlive/2019/texmf-dist/tex/latex/letltxmacro/letltxmacro.sty
Package: letltxmacro 2019/12/03 v1.6 Let assignment for LaTeX macros (HO)
)
(c:/texlive/2019/texmf-dist/tex/latex/auxhook/auxhook.sty
Package: auxhook 2019-12-17 v1.6 Hooks for auxiliary files (HO)
)
\@linkdim=\dimen145
\Hy@linkcounter=\count190
\Hy@pagecounter=\count191

(c:/texlive/2019/texmf-dist/tex/latex/hyperref/pd1enc.def
File: pd1enc.def 2020/01/14 v7.00d Hyperref: PDFDocEncoding definition (HO)
Now handling font encoding PD1 ...
... no UTF-8 mapping file for font encoding PD1
)
(c:/texlive/2019/texmf-dist/tex/generic/intcalc/intcalc.sty
Package: intcalc 2019/12/15 v1.3 Expandable calculations with integers (HO)
)
(c:/texlive/2019/texmf-dist/tex/generic/etexcmds/etexcmds.sty
Package: etexcmds 2019/12/15 v1.7 Avoid name clashes with e-TeX commands (HO)
)
\Hy@SavedSpaceFactor=\count192
\pdfmajorversion=\count193
Package hyperref Info: Option `unicode' set `true' on input line 4421.

(c:/texlive/2019/texmf-dist/tex/latex/hyperref/puenc.def
File: puenc.def 2020/01/14 v7.00d Hyperref: PDF Unicode definition (HO)
Now handling font encoding PU ...
... no UTF-8 mapping file for font encoding PU
)
Package hyperref Info: Hyper figures OFF on input line 4547.
Package hyperref Info: Link nesting OFF on input line 4552.
Package hyperref Info: Hyper index ON on input line 4555.
Package hyperref Info: Plain pages OFF on input line 4562.
Package hyperref Info: Backreferencing OFF on input line 4567.
Package hyperref Info: Implicit mode ON; LaTeX internals redefined.
Package hyperref Info: Bookmarks ON on input line 4800.
\c@Hy@tempcnt=\count194
LaTeX Info: Redefining \url on input line 5159.
\XeTeXLinkMargin=\dimen146

(c:/texlive/2019/texmf-dist/tex/generic/bitset/bitset.sty
Package: bitset 2019/12/09 v1.3 Handle bit-vector datatype (HO)

(c:/texlive/2019/texmf-dist/tex/generic/bigintcalc/bigintcalc.sty
Package: bigintcalc 2019/12/15 v1.5 Expandable calculations on big integers (HO
)
))
\Fld@menulength=\count195
\Field@Width=\dimen147
\Fld@charsize=\dimen148
Package hyperref Info: Hyper figures OFF on input line 6430.
Package hyperref Info: Link nesting OFF on input line 6435.
Package hyperref Info: Hyper index ON on input line 6438.
Package hyperref Info: backreferencing OFF on input line 6445.
Package hyperref Info: Link coloring OFF on input line 6450.
Package hyperref Info: Link coloring with OCG OFF on input line 6455.
Package hyperref Info: PDF/A mode OFF on input line 6460.
LaTeX Info: Redefining \ref on input line 6500.
LaTeX Info: Redefining \pageref on input line 6504.

(c:/texlive/2019/texmf-dist/tex/generic/atbegshi/atbegshi.sty
Package: atbegshi 2019/12/05 v1.19 At begin shipout hook (HO)
)
\Hy@abspage=\count196
\c@Item=\count197
\c@Hfootnote=\count198
)
Package hyperref Info: Driver (autodetected): hpdftex.

(c:/texlive/2019/texmf-dist/tex/latex/hyperref/hpdftex.def
File: hpdftex.def 2020/01/14 v7.00d Hyperref driver for pdfTeX

(c:/texlive/2019/texmf-dist/tex/latex/atveryend/atveryend.sty
Package: atveryend 2019-12-11 v1.11 Hooks at the very end of document (HO)
)
\Fld@listcount=\count199
\c@bookmark@seq@number=\count266

(c:/texlive/2019/texmf-dist/tex/latex/rerunfilecheck/rerunfilecheck.sty
Package: rerunfilecheck 2019/12/05 v1.9 Rerun checks for auxiliary files (HO)

(c:/texlive/2019/texmf-dist/tex/generic/uniquecounter/uniquecounter.sty
Package: uniquecounter 2019/12/15 v1.4 Provide unlimited unique counter (HO)
)
Package uniquecounter Info: New unique counter `rerunfilecheck' on input line 2
86.
)
\Hy@SectionHShift=\skip53
)
(c:/texlive/2019/texmf-dist/tex/latex/bookmark/bkm-pdftex.def
File: bkm-pdftex.def 2019/12/03 v1.28 bookmark driver for pdfTeX (HO)
\BKM@id=\count267
))
(c:/texlive/2019/texmf-dist/tex/latex/geometry/geometry.sty
Package: geometry 2020/01/02 v5.9 Page Geometry

(c:/texlive/2019/texmf-dist/tex/generic/iftex/ifvtex.sty
Package: ifvtex 2019/10/25 v1.7 ifvtex legacy package. Use iftex instead.
)
\Gm@cnth=\count268
\Gm@cntv=\count269
\c@Gm@tempcnt=\count270
\Gm@bindingoffset=\dimen149
\Gm@wd@mp=\dimen150
\Gm@odd@mp=\dimen151
\Gm@even@mp=\dimen152
\Gm@layoutwidth=\dimen153
\Gm@layoutheight=\dimen154
\Gm@layouthoffset=\dimen155
\Gm@layoutvoffset=\dimen156
\Gm@dimlist=\toks25
)
(c:/texlive/2019/texmf-dist/tex/latex/fancyvrb/fancyvrb.sty
Package: fancyvrb 2020/01/13 v3.5 verbatim text (tvz,hv)
\FV@CodeLineNo=\count271
\FV@InFile=\read2
\FV@TabBox=\box47
\c@FancyVerbLine=\count272
\FV@StepNumber=\count273
\FV@OutFile=\write3
)
(c:/texlive/2019/texmf-dist/tex/latex/framed/framed.sty
Package: framed 2011/10/22 v 0.96: framed or shaded text with page breaks
\OuterFrameSep=\skip54
\fb@frw=\dimen157
\fb@frh=\dimen158
\FrameRule=\dimen159
\FrameSep=\dimen160
)
(c:/texlive/2019/texmf-dist/tex/latex/graphics/graphicx.sty
Package: graphicx 2019/11/30 v1.2a Enhanced LaTeX Graphics (DPC,SPQR)

(c:/texlive/2019/texmf-dist/tex/latex/graphics/graphics.sty
Package: graphics 2019/11/30 v1.4a Standard LaTeX Graphics (DPC,SPQR)

(c:/texlive/2019/texmf-dist/tex/latex/graphics/trig.sty
Package: trig 2016/01/03 v1.10 sin cos tan (DPC)
)
(c:/texlive/2019/texmf-dist/tex/latex/graphics-cfg/graphics.cfg
File: graphics.cfg 2016/06/04 v1.11 sample graphics configuration
)
Package graphics Info: Driver file: pdftex.def on input line 105.
)
\Gin@req@height=\dimen161
\Gin@req@width=\dimen162
)
(c:/texlive/2019/texmf-dist/tex/latex/grffile/grffile.sty
Package: grffile 2019/11/11 v2.1 Extended file name support for graphics (legac
y)
Package grffile Info: This package is an empty stub for compatibility on input 
line 40.
)
(c:/texlive/2019/texmf-dist/tex/latex/l3backend/l3backend-pdfmode.def
File: l3backend-pdfmode.def 2020-02-23 L3 backend support: PDF mode
\l__kernel_color_stack_int=\count274
\l__pdf_internal_box=\box48
)
(./Econo2_P1.aux)
\openout1 = `Econo2_P1.aux'.

LaTeX Font Info:    Checking defaults for OML/cmm/m/it on input line 107.
LaTeX Font Info:    ... okay on input line 107.
LaTeX Font Info:    Checking defaults for OMS/cmsy/m/n on input line 107.
LaTeX Font Info:    ... okay on input line 107.
LaTeX Font Info:    Checking defaults for OT1/cmr/m/n on input line 107.
LaTeX Font Info:    ... okay on input line 107.
LaTeX Font Info:    Checking defaults for T1/cmr/m/n on input line 107.
LaTeX Font Info:    ... okay on input line 107.
LaTeX Font Info:    Checking defaults for TS1/cmr/m/n on input line 107.
LaTeX Font Info:    ... okay on input line 107.
LaTeX Font Info:    Checking defaults for OMX/cmex/m/n on input line 107.
LaTeX Font Info:    ... okay on input line 107.
LaTeX Font Info:    Checking defaults for U/cmr/m/n on input line 107.
LaTeX Font Info:    ... okay on input line 107.
LaTeX Font Info:    Checking defaults for PD1/pdf/m/n on input line 107.
LaTeX Font Info:    ... okay on input line 107.
LaTeX Font Info:    Checking defaults for PU/pdf/m/n on input line 107.
LaTeX Font Info:    ... okay on input line 107.
LaTeX Info: Redefining \microtypecontext on input line 107.
Package microtype Info: Generating PDF output.
Package microtype Info: Character protrusion enabled (level 2).
Package microtype Info: Using protrusion set `basicmath'.
Package microtype Info: Automatic font expansion enabled (level 2),
(microtype)             stretch: 20, shrink: 20, step: 1, non-selected.
Package microtype Info: Using default expansion set `basictext'.
LaTeX Info: Redefining \showhyphens on input line 107.
Package microtype Info: No adjustment of tracking.
Package microtype Info: No adjustment of interword spacing.
Package microtype Info: No adjustment of character kerning.
 (c:/texlive/2019/texmf-dist/tex/latex/microtype/mt-cmr.cfg
File: mt-cmr.cfg 2013/05/19 v2.2 microtype config. file: Computer Modern Roman 
(RS)
)
(c:/texlive/2019/texmf-dist/tex/context/base/mkii/supp-pdf.mkii
[Loading MPS to PDF converter (version 2006.09.02).]
\scratchcounter=\count275
\scratchdimen=\dimen163
\scratchbox=\box49
\nofMPsegments=\count276
\nofMParguments=\count277
\everyMPshowfont=\toks26
\MPscratchCnt=\count278
\MPscratchDim=\dimen164
\MPnumerator=\count279
\makeMPintoPDFobject=\count280
\everyMPtoPDFconversion=\toks27
) (c:/texlive/2019/texmf-dist/tex/latex/epstopdf-pkg/epstopdf-base.sty
Package: epstopdf-base 2020-01-24 v2.11 Base part for package epstopdf
Package epstopdf-base Info: Redefining graphics rule for `.eps' on input line 4
85.

(c:/texlive/2019/texmf-dist/tex/latex/latexconfig/epstopdf-sys.cfg
File: epstopdf-sys.cfg 2010/07/13 v1.3 Configuration of (r)epstopdf for TeX Liv
e
))
\AtBeginShipoutBox=\box50
Package hyperref Info: Link coloring OFF on input line 107.

(c:/texlive/2019/texmf-dist/tex/latex/hyperref/nameref.sty
Package: nameref 2019/09/16 v2.46 Cross-referencing by name of section

(c:/texlive/2019/texmf-dist/tex/latex/refcount/refcount.sty
Package: refcount 2019/12/15 v3.6 Data extraction from label references (HO)
)
(c:/texlive/2019/texmf-dist/tex/generic/gettitlestring/gettitlestring.sty
Package: gettitlestring 2019/12/15 v1.6 Cleanup title references (HO)
)
\c@section@level=\count281
)
LaTeX Info: Redefining \ref on input line 107.
LaTeX Info: Redefining \pageref on input line 107.
LaTeX Info: Redefining \nameref on input line 107.

*geometry* driver: auto-detecting
*geometry* detected driver: pdftex
*geometry* verbose mode - [ preamble ] result:
* driver: pdftex
* paper: <default>
* layout: <same size as paper>
* layoutoffset:(h,v)=(0.0pt,0.0pt)
* modes: 
* h-part:(L,W,R)=(72.26999pt, 469.75502pt, 72.26999pt)
* v-part:(T,H,B)=(72.26999pt, 650.43001pt, 72.26999pt)
* \paperwidth=614.295pt
* \paperheight=794.96999pt
* \textwidth=469.75502pt
* \textheight=650.43001pt
* \oddsidemargin=0.0pt
* \evensidemargin=0.0pt
* \topmargin=-37.0pt
* \headheight=12.0pt
* \headsep=25.0pt
* \topskip=10.0pt
* \footskip=30.0pt
* \marginparwidth=65.0pt
* \marginparsep=11.0pt
* \columnsep=10.0pt
* \skip\footins=9.0pt plus 4.0pt minus 2.0pt
* \hoffset=0.0pt
* \voffset=0.0pt
* \mag=1000
* \@twocolumnfalse
* \@twosidefalse
* \@mparswitchfalse
* \@reversemarginfalse
* (1in=72.27pt=25.4mm, 1cm=28.453pt)

LaTeX Font Info:    Trying to load font information for OT1+lmr on input line 1
09.
(c:/texlive/2019/texmf-dist/tex/latex/lm/ot1lmr.fd
File: ot1lmr.fd 2009/10/30 v1.6 Font defs for Latin Modern
)
LaTeX Font Info:    Trying to load font information for OML+lmm on input line 1
09.

(c:/texlive/2019/texmf-dist/tex/latex/lm/omllmm.fd
File: omllmm.fd 2009/10/30 v1.6 Font defs for Latin Modern
)
LaTeX Font Info:    Trying to load font information for OMS+lmsy on input line 
109.

(c:/texlive/2019/texmf-dist/tex/latex/lm/omslmsy.fd
File: omslmsy.fd 2009/10/30 v1.6 Font defs for Latin Modern
)
LaTeX Font Info:    Trying to load font information for OMX+lmex on input line 
109.

(c:/texlive/2019/texmf-dist/tex/latex/lm/omxlmex.fd
File: omxlmex.fd 2009/10/30 v1.6 Font defs for Latin Modern
)
LaTeX Font Info:    External font `lmex10' loaded for size
(Font)              <12> on input line 109.
LaTeX Font Info:    External font `lmex10' loaded for size
(Font)              <8> on input line 109.
LaTeX Font Info:    External font `lmex10' loaded for size
(Font)              <6> on input line 109.
LaTeX Font Info:    Trying to load font information for U+msa on input line 109
.

(c:/texlive/2019/texmf-dist/tex/latex/amsfonts/umsa.fd
File: umsa.fd 2013/01/14 v3.01 AMS symbols A
)
(c:/texlive/2019/texmf-dist/tex/latex/microtype/mt-msa.cfg
File: mt-msa.cfg 2006/02/04 v1.1 microtype config. file: AMS symbols (a) (RS)
)
LaTeX Font Info:    Trying to load font information for U+msb on input line 109
.

(c:/texlive/2019/texmf-dist/tex/latex/amsfonts/umsb.fd
File: umsb.fd 2013/01/14 v3.01 AMS symbols B
)
(c:/texlive/2019/texmf-dist/tex/latex/microtype/mt-msb.cfg
File: mt-msb.cfg 2005/06/01 v1.0 microtype config. file: AMS symbols (b) (RS)
)
LaTeX Font Info:    Trying to load font information for T1+lmtt on input line 1
13.

(c:/texlive/2019/texmf-dist/tex/latex/lm/t1lmtt.fd
File: t1lmtt.fd 2009/10/30 v1.6 Font defs for Latin Modern
)
LaTeX Font Info:    Font shape `T1/lmtt/bx/n' in size <10> not available
(Font)              Font shape `T1/lmtt/b/n' tried instead on input line 114.
<Econo2_P1_files/figure-latex/plots-1.pdf, id=4, 469.755pt x 325.215pt>
File: Econo2_P1_files/figure-latex/plots-1.pdf Graphic file (type pdf)
<use Econo2_P1_files/figure-latex/plots-1.pdf>
Package pdftex.def Info: Econo2_P1_files/figure-latex/plots-1.pdf  used on inpu
t line 143.
(pdftex.def)             Requested size: 469.75386pt x 325.2142pt.
 [1

{c:/texlive/2019/texmf-var/fonts/map/pdftex/updmap/pdftex.map}]
<Econo2_P1_files/figure-latex/plots-2.pdf, id=16, 469.755pt x 325.215pt>
File: Econo2_P1_files/figure-latex/plots-2.pdf Graphic file (type pdf)
<use Econo2_P1_files/figure-latex/plots-2.pdf>
Package pdftex.def Info: Econo2_P1_files/figure-latex/plots-2.pdf  used on inpu
t line 152.
(pdftex.def)             Requested size: 469.75386pt x 325.2142pt.
 [2 <./Econo2_P1_files/figure-latex/plots-1.pdf>]
<Econo2_P1_files/figure-latex/plots-3.pdf, id=26, 469.755pt x 325.215pt>
File: Econo2_P1_files/figure-latex/plots-3.pdf Graphic file (type pdf)
<use Econo2_P1_files/figure-latex/plots-3.pdf>
Package pdftex.def Info: Econo2_P1_files/figure-latex/plots-3.pdf  used on inpu
t line 165.
(pdftex.def)             Requested size: 469.75386pt x 325.2142pt.
 [3 <./Econo2_P1_files/figure-latex/plots-2.pdf>]
<Econo2_P1_files/figure-latex/plots-4.pdf, id=36, 469.755pt x 325.215pt>
File: Econo2_P1_files/figure-latex/plots-4.pdf Graphic file (type pdf)
<use Econo2_P1_files/figure-latex/plots-4.pdf>
Package pdftex.def Info: Econo2_P1_files/figure-latex/plots-4.pdf  used on inpu
t line 175.
(pdftex.def)             Requested size: 469.75386pt x 325.2142pt.
 [4 <./Econo2_P1_files/figure-latex/plots-3.pdf>]
<Econo2_P1_files/figure-latex/plots-5.pdf, id=47, 469.755pt x 325.215pt>
File: Econo2_P1_files/figure-latex/plots-5.pdf Graphic file (type pdf)
<use Econo2_P1_files/figure-latex/plots-5.pdf>
Package pdftex.def Info: Econo2_P1_files/figure-latex/plots-5.pdf  used on inpu
t line 224.
(pdftex.def)             Requested size: 469.75386pt x 325.2142pt.
 [5 <./Econo2_P1_files/figure-latex/plots-4.pdf>]
<Econo2_P1_files/figure-latex/plots-6.pdf, id=58, 469.755pt x 325.215pt>
File: Econo2_P1_files/figure-latex/plots-6.pdf Graphic file (type pdf)
<use Econo2_P1_files/figure-latex/plots-6.pdf>
Package pdftex.def Info: Econo2_P1_files/figure-latex/plots-6.pdf  used on inpu
t line 232.
(pdftex.def)             Requested size: 469.75386pt x 325.2142pt.

[6 <./Econo2_P1_files/figure-latex/plots-5.pdf>]
<Econo2_P1_files/figure-latex/plots-7.pdf, id=68, 469.755pt x 325.215pt>
File: Econo2_P1_files/figure-latex/plots-7.pdf Graphic file (type pdf)
<use Econo2_P1_files/figure-latex/plots-7.pdf>
Package pdftex.def Info: Econo2_P1_files/figure-latex/plots-7.pdf  used on inpu
t line 240.
(pdftex.def)             Requested size: 469.75386pt x 325.2142pt.
 [7 <./Econo2_P1_files/figure-latex/plots-6.pdf>]
<Econo2_P1_files/figure-latex/plots-8.pdf, id=79, 469.755pt x 325.215pt>
File: Econo2_P1_files/figure-latex/plots-8.pdf Graphic file (type pdf)
<use Econo2_P1_files/figure-latex/plots-8.pdf>
Package pdftex.def Info: Econo2_P1_files/figure-latex/plots-8.pdf  used on inpu
t line 248.
(pdftex.def)             Requested size: 469.75386pt x 325.2142pt.
 [8 <./Econo2_P1_files/figure-latex/plots-7.pdf>]
<Econo2_P1_files/figure-latex/plots-9.pdf, id=89, 469.755pt x 325.215pt>
File: Econo2_P1_files/figure-latex/plots-9.pdf Graphic file (type pdf)
<use Econo2_P1_files/figure-latex/plots-9.pdf>
Package pdftex.def Info: Econo2_P1_files/figure-latex/plots-9.pdf  used on inpu
t line 257.
(pdftex.def)             Requested size: 469.75386pt x 325.2142pt.
 [9 <./Econo2_P1_files/figure-latex/plots-8.pdf>]
LaTeX Font Info:    External font `lmex10' loaded for size
(Font)              <10> on input line 261.
LaTeX Font Info:    External font `lmex10' loaded for size
(Font)              <7> on input line 261.
LaTeX Font Info:    External font `lmex10' loaded for size
(Font)              <5> on input line 261.
<Econo2_P1_files/figure-latex/AR(1)-1.pdf, id=99, 469.755pt x 325.215pt>
File: Econo2_P1_files/figure-latex/AR(1)-1.pdf Graphic file (type pdf)
<use Econo2_P1_files/figure-latex/AR(1)-1.pdf>
Package pdftex.def Info: Econo2_P1_files/figure-latex/AR(1)-1.pdf  used on inpu
t line 297.
(pdftex.def)             Requested size: 469.75386pt x 325.2142pt.
 [10 <./Econo2_P1_files/figure-latex/plots-9.pdf>]
<Econo2_P1_files/figure-latex/AR(1)-2.pdf, id=115, 469.755pt x 325.215pt>
File: Econo2_P1_files/figure-latex/AR(1)-2.pdf Graphic file (type pdf)
<use Econo2_P1_files/figure-latex/AR(1)-2.pdf>
Package pdftex.def Info: Econo2_P1_files/figure-latex/AR(1)-2.pdf  used on inpu
t line 305.
(pdftex.def)             Requested size: 469.75386pt x 325.2142pt.
 [11 <./Econo2_P1_files/figure-latex/AR(1)-1.pdf>] [12 <./Econo2_P1_files/figur
e-latex/AR(1)-2.pdf>]
LaTeX Font Info:    Trying to load font information for TS1+lmtt on input line 
366.

(c:/texlive/2019/texmf-dist/tex/latex/lm/ts1lmtt.fd
File: ts1lmtt.fd 2009/10/30 v1.6 Font defs for Latin Modern
)
<Econo2_P1_files/figure-latex/lm signt-1.pdf, id=142, 469.755pt x 325.215pt>
File: Econo2_P1_files/figure-latex/lm signt-1.pdf Graphic file (type pdf)
<use Econo2_P1_files/figure-latex/lm signt-1.pdf>
Package pdftex.def Info: Econo2_P1_files/figure-latex/lm signt-1.pdf  used on i
nput line 376.
(pdftex.def)             Requested size: 469.75386pt x 325.2142pt.
 [13 <./Econo2_P1_files/figure-latex/lm signt-1.pdf>]
<Econo2_P1_files/figure-latex/delta 1-1.pdf, id=157, 469.755pt x 325.215pt>
File: Econo2_P1_files/figure-latex/delta 1-1.pdf Graphic file (type pdf)
<use Econo2_P1_files/figure-latex/delta 1-1.pdf>
Package pdftex.def Info: Econo2_P1_files/figure-latex/delta 1-1.pdf  used on in
put line 421.
(pdftex.def)             Requested size: 469.75386pt x 325.2142pt.
<Econo2_P1_files/figure-latex/delta 1-2.pdf, id=158, 469.755pt x 325.215pt>
File: Econo2_P1_files/figure-latex/delta 1-2.pdf Graphic file (type pdf)
<use Econo2_P1_files/figure-latex/delta 1-2.pdf>
Package pdftex.def Info: Econo2_P1_files/figure-latex/delta 1-2.pdf  used on in
put line 429.
(pdftex.def)             Requested size: 469.75386pt x 325.2142pt.
 [14 <./Econo2_P1_files/figure-latex/delta 1-1.pdf>]
[15 <./Econo2_P1_files/figure-latex/delta 1-2.pdf>]
<Econo2_P1_files/figure-latex/var1-1.pdf, id=180, 469.755pt x 325.215pt>
File: Econo2_P1_files/figure-latex/var1-1.pdf Graphic file (type pdf)
<use Econo2_P1_files/figure-latex/var1-1.pdf>
Package pdftex.def Info: Econo2_P1_files/figure-latex/var1-1.pdf  used on input
 line 477.
(pdftex.def)             Requested size: 469.75386pt x 325.2142pt.
<Econo2_P1_files/figure-latex/var1-2.pdf, id=181, 469.755pt x 325.215pt>
File: Econo2_P1_files/figure-latex/var1-2.pdf Graphic file (type pdf)
<use Econo2_P1_files/figure-latex/var1-2.pdf>
Package pdftex.def Info: Econo2_P1_files/figure-latex/var1-2.pdf  used on input
 line 485.
(pdftex.def)             Requested size: 469.75386pt x 325.2142pt.
 [16 <./Econo2_P1_files/figure-latex/var1-1.pdf>]
<Econo2_P1_files/figure-latex/auto arima-1.pdf, id=192, 469.755pt x 325.215pt>
File: Econo2_P1_files/figure-latex/auto arima-1.pdf Graphic file (type pdf)
<use Econo2_P1_files/figure-latex/auto arima-1.pdf>
Package pdftex.def Info: Econo2_P1_files/figure-latex/auto arima-1.pdf  used on
 input line 519.
(pdftex.def)             Requested size: 469.75386pt x 325.2142pt.
 [17 <./Econo2_P1_files/figure-latex/var1-2.pdf>]
<Econo2_P1_files/figure-latex/auto arima-2.pdf, id=203, 469.755pt x 325.215pt>
File: Econo2_P1_files/figure-latex/auto arima-2.pdf Graphic file (type pdf)
<use Econo2_P1_files/figure-latex/auto arima-2.pdf>
Package pdftex.def Info: Econo2_P1_files/figure-latex/auto arima-2.pdf  used on
 input line 527.
(pdftex.def)             Requested size: 469.75386pt x 325.2142pt.
 [18 <./Econo2_P1_files/figure-latex/auto arima-1.pdf>]
<Econo2_P1_files/figure-latex/auto arima-3.pdf, id=214, 469.755pt x 325.215pt>
File: Econo2_P1_files/figure-latex/auto arima-3.pdf Graphic file (type pdf)
<use Econo2_P1_files/figure-latex/auto arima-3.pdf>
Package pdftex.def Info: Econo2_P1_files/figure-latex/auto arima-3.pdf  used on
 input line 563.
(pdftex.def)             Requested size: 469.75386pt x 325.2142pt.
 [19 <./Econo2_P1_files/figure-latex/auto arima-2.pdf>]
<Econo2_P1_files/figure-latex/auto arima-4.pdf, id=226, 469.755pt x 325.215pt>
File: Econo2_P1_files/figure-latex/auto arima-4.pdf Graphic file (type pdf)
<use Econo2_P1_files/figure-latex/auto arima-4.pdf>
Package pdftex.def Info: Econo2_P1_files/figure-latex/auto arima-4.pdf  used on
 input line 571.
(pdftex.def)             Requested size: 469.75386pt x 325.2142pt.
 [20 <./Econo2_P1_files/figure-latex/auto arima-3.pdf>]
<Econo2_P1_files/figure-latex/auto arima-5.pdf, id=237, 469.755pt x 325.215pt>
File: Econo2_P1_files/figure-latex/auto arima-5.pdf Graphic file (type pdf)
<use Econo2_P1_files/figure-latex/auto arima-5.pdf>
Package pdftex.def Info: Econo2_P1_files/figure-latex/auto arima-5.pdf  used on
 input line 603.
(pdftex.def)             Requested size: 469.75386pt x 325.2142pt.

[21 <./Econo2_P1_files/figure-latex/auto arima-4.pdf>]
<Econo2_P1_files/figure-latex/auto arima-6.pdf, id=248, 469.755pt x 325.215pt>
File: Econo2_P1_files/figure-latex/auto arima-6.pdf Graphic file (type pdf)
<use Econo2_P1_files/figure-latex/auto arima-6.pdf>
Package pdftex.def Info: Econo2_P1_files/figure-latex/auto arima-6.pdf  used on
 input line 611.
(pdftex.def)             Requested size: 469.75386pt x 325.2142pt.
 [22 <./Econo2_P1_files/figure-latex/auto arima-5.pdf>]
<Econo2_P1_files/figure-latex/auto arima-7.pdf, id=259, 469.755pt x 325.215pt>
File: Econo2_P1_files/figure-latex/auto arima-7.pdf Graphic file (type pdf)
<use Econo2_P1_files/figure-latex/auto arima-7.pdf>
Package pdftex.def Info: Econo2_P1_files/figure-latex/auto arima-7.pdf  used on
 input line 643.
(pdftex.def)             Requested size: 469.75386pt x 325.2142pt.
 [23 <./Econo2_P1_files/figure-latex/auto arima-6.pdf>]
<Econo2_P1_files/figure-latex/auto arima-8.pdf, id=270, 469.755pt x 325.215pt>
File: Econo2_P1_files/figure-latex/auto arima-8.pdf Graphic file (type pdf)
<use Econo2_P1_files/figure-latex/auto arima-8.pdf>
Package pdftex.def Info: Econo2_P1_files/figure-latex/auto arima-8.pdf  used on
 input line 651.
(pdftex.def)             Requested size: 469.75386pt x 325.2142pt.
 [24 <./Econo2_P1_files/figure-latex/auto arima-7.pdf>]
<Econo2_P1_files/figure-latex/auto arima-9.pdf, id=281, 469.755pt x 325.215pt>
File: Econo2_P1_files/figure-latex/auto arima-9.pdf Graphic file (type pdf)
<use Econo2_P1_files/figure-latex/auto arima-9.pdf>
Package pdftex.def Info: Econo2_P1_files/figure-latex/auto arima-9.pdf  used on
 input line 687.
(pdftex.def)             Requested size: 469.75386pt x 325.2142pt.
 [25 <./Econo2_P1_files/figure-latex/auto arima-8.pdf>]
<Econo2_P1_files/figure-latex/auto arima-10.pdf, id=293, 469.755pt x 325.215pt>

File: Econo2_P1_files/figure-latex/auto arima-10.pdf Graphic file (type pdf)
<use Econo2_P1_files/figure-latex/auto arima-10.pdf>
Package pdftex.def Info: Econo2_P1_files/figure-latex/auto arima-10.pdf  used o
n input line 695.
(pdftex.def)             Requested size: 469.75386pt x 325.2142pt.
 [26 <./Econo2_P1_files/figure-latex/auto arima-9.pdf>]
<Econo2_P1_files/figure-latex/auto arima-11.pdf, id=305, 469.755pt x 325.215pt>

File: Econo2_P1_files/figure-latex/auto arima-11.pdf Graphic file (type pdf)
<use Econo2_P1_files/figure-latex/auto arima-11.pdf>
Package pdftex.def Info: Econo2_P1_files/figure-latex/auto arima-11.pdf  used o
n input line 727.
(pdftex.def)             Requested size: 469.75386pt x 325.2142pt.
 [27 <./Econo2_P1_files/figure-latex/auto arima-10.pdf>]
<Econo2_P1_files/figure-latex/auto arima-12.pdf, id=316, 469.755pt x 325.215pt>

File: Econo2_P1_files/figure-latex/auto arima-12.pdf Graphic file (type pdf)
<use Econo2_P1_files/figure-latex/auto arima-12.pdf>
Package pdftex.def Info: Econo2_P1_files/figure-latex/auto arima-12.pdf  used o
n input line 735.
(pdftex.def)             Requested size: 469.75386pt x 325.2142pt.
 [28 <./Econo2_P1_files/figure-latex/auto arima-11.pdf>]
Package atveryend Info: Empty hook `BeforeClearDocument' on input line 776.
 [29 <./Econo2_P1_files/figure-latex/auto arima-12.pdf>]
Package atveryend Info: Empty hook `AfterLastShipout' on input line 776.
 (./Econo2_P1.aux)
Package atveryend Info: Executing hook `AtVeryEndDocument' on input line 776.
Package atveryend Info: Empty hook `AtEndAfterFileList' on input line 776.
 ) 
Here is how much of TeX's memory you used:
 13603 strings out of 480994
 203097 string characters out of 5916032
 484789 words of memory out of 5000000
 28792 multiletter control sequences out of 15000+600000
 581703 words of font info for 83 fonts, out of 8000000 for 9000
 1141 hyphenation exceptions out of 8191
 41i,8n,42p,808b,465s stack positions out of 5000i,500n,10000p,200000b,80000s
{c:/texlive/2019/texmf-dist/fonts/enc/dvips/lm/lm-ts1.enc}{c:/texlive/2019/te
xmf-dist/fonts/enc/dvips/lm/lm-mathit.enc}{c:/texlive/2019/texmf-dist/fonts/enc
/dvips/lm/lm-ec.enc}{c:/texlive/2019/texmf-dist/fonts/enc/dvips/lm/lm-rm.enc}{c
:/texlive/2019/texmf-dist/fonts/enc/dvips/lm/lm-mathsy.enc}<c:/texlive/2019/tex
mf-dist/fonts/type1/public/lm/lmmi10.pfb><c:/texlive/2019/texmf-dist/fonts/type
1/public/lm/lmmi7.pfb><c:/texlive/2019/texmf-dist/fonts/type1/public/lm/lmmi8.p
fb><c:/texlive/2019/texmf-dist/fonts/type1/public/lm/lmr10.pfb><c:/texlive/2019
/texmf-dist/fonts/type1/public/lm/lmr12.pfb><c:/texlive/2019/texmf-dist/fonts/t
ype1/public/lm/lmr17.pfb><c:/texlive/2019/texmf-dist/fonts/type1/public/lm/lmr6
.pfb><c:/texlive/2019/texmf-dist/fonts/type1/public/lm/lmr7.pfb><c:/texlive/201
9/texmf-dist/fonts/type1/public/lm/lmr8.pfb><c:/texlive/2019/texmf-dist/fonts/t
ype1/public/lm/lmri10.pfb><c:/texlive/2019/texmf-dist/fonts/type1/public/lm/lms
y10.pfb><c:/texlive/2019/texmf-dist/fonts/type1/public/lm/lmtk10.pfb><c:/texliv
e/2019/texmf-dist/fonts/type1/public/lm/lmtt10.pfb><c:/texlive/2019/texmf-dist/
fonts/type1/public/lm/lmtti10.pfb><c:/texlive/2019/texmf-dist/fonts/type1/publi
c/amsfonts/symbols/msbm10.pfb>
Output written on Econo2_P1.pdf (29 pages, 1494739 bytes).
PDF statistics:
 401 PDF objects out of 1000 (max. 8388607)
 296 compressed objects within 3 object streams
 31 named destinations out of 1000 (max. 500000)
 14477 words of extra memory for PDF output out of 17280 (max. 10000000)

